<?xml version="1.0" encoding="UTF-8"?>
<testng-results ignored="0" total="1" passed="1" failed="0" skipped="0">
  <reporter-output>
  </reporter-output>
  <suite started-at="2018-10-25T13:36:08Z" name="Suite" finished-at="2018-10-25T13:36:16Z" duration-ms="7969">
    <groups>
    </groups>
    <test started-at="2018-10-25T13:36:08Z" name="Test" finished-at="2018-10-25T13:36:16Z" duration-ms="7969">
      <class name="testCases.WebSuite">
        <test-method is-config="true" signature="setup()[pri:0, instance:testCases.WebSuite@2b91004a]" started-at="2018-10-25T13:36:08Z" name="setup" finished-at="2018-10-25T13:36:13Z" duration-ms="5252" status="PASS">
          <reporter-output>
          </reporter-output>
        </test-method> <!-- setup -->
        <test-method is-config="true" signature="beforeMethod(java.lang.reflect.Method)[pri:0, instance:testCases.WebSuite@2b91004a]" started-at="2018-10-25T13:36:13Z" name="beforeMethod" finished-at="2018-10-25T13:36:13Z" duration-ms="111" status="PASS">
          <params>
            <param index="0">
              <value>
                <![CDATA[public void testCases.WebSuite.SEARCH_NAME_TC() throws java.lang.InterruptedException]]>
              </value>
            </param>
          </params>
          <reporter-output>
          </reporter-output>
        </test-method> <!-- beforeMethod -->
        <test-method signature="SEARCH_NAME_TC()[pri:0, instance:testCases.WebSuite@2b91004a]" started-at="2018-10-25T13:36:13Z" name="SEARCH_NAME_TC" finished-at="2018-10-25T13:36:16Z" duration-ms="2591" status="PASS">
          <reporter-output>
          </reporter-output>
        </test-method> <!-- SEARCH_NAME_TC -->
        <test-method is-config="true" signature="afterMethod()[pri:0, instance:testCases.WebSuite@2b91004a]" started-at="2018-10-25T13:36:16Z" name="afterMethod" finished-at="2018-10-25T13:36:16Z" duration-ms="1" status="PASS">
          <reporter-output>
          </reporter-output>
        </test-method> <!-- afterMethod -->
      </class> <!-- testCases.WebSuite -->
    </test> <!-- Test -->
  </suite> <!-- Suite -->
</testng-results>
